<?xml version="1.0" encoding="UTF-8"?>
<robot generator="Robot 5.0.1 (Python 3.9.1 on win32)" generated="20221212 09:19:19.847" rpa="false" schemaversion="3">
<suite id="s1" name="PostiTest1" source="C:\Users\693885\PycharmProjects\Posti Test RF\Tests\PostiTest1.robot">
<test id="s1-t1" name="Find nearest pickup points using a street address or Zip code" line="15">
<kw name="Begin Web Test" library="CommonWebPosti" type="SETUP">
<kw name="Open Browser" library="SeleniumLibrary">
<arg>${URL}</arg>
<arg>${BROWSER}</arg>
<doc>Opens a new browser instance to the optional ``url``.</doc>
<msg timestamp="20221212 09:19:24.148" level="INFO">Opening browser 'gc' to base url 'https://www.posti.fi/'.</msg>
<status status="PASS" starttime="20221212 09:19:24.148" endtime="20221212 09:19:33.861"/>
</kw>
<kw name="Maximize Browser Window" library="SeleniumLibrary">
<doc>Maximizes current browser window.</doc>
<status status="PASS" starttime="20221212 09:19:33.861" endtime="20221212 09:19:33.996"/>
</kw>
<status status="PASS" starttime="20221212 09:19:24.147" endtime="20221212 09:19:33.996"/>
</kw>
<kw name="Go to Landing page" library="PostiTest1App">
<kw name="Navigate To" library="LandingPage">
<kw name="Go To" library="SeleniumLibrary">
<arg>${URL_SERVICE_POINTS}</arg>
<doc>Navigates the current browser window to the provided ``url``.</doc>
<msg timestamp="20221212 09:19:33.999" level="INFO">Opening url 'https://www.posti.fi/en/service-points-on-map'</msg>
<status status="PASS" starttime="20221212 09:19:33.998" endtime="20221212 09:19:38.263"/>
</kw>
<status status="PASS" starttime="20221212 09:19:33.998" endtime="20221212 09:19:38.263"/>
</kw>
<kw name="Verify Page Loaded" library="LandingPage">
<kw name="Wait Until Page Contains Element" library="SeleniumLibrary">
<arg>${LANDING_NAVIGATION_ELEMENT}</arg>
<doc>Waits until the element ``locator`` appears on the current page.</doc>
<status status="PASS" starttime="20221212 09:19:38.264" endtime="20221212 09:19:38.289"/>
</kw>
<kw name="Sleep" library="BuiltIn">
<arg>3s</arg>
<doc>Pauses the test executed for the given time.</doc>
<msg timestamp="20221212 09:19:41.293" level="INFO">Slept 3 seconds</msg>
<status status="PASS" starttime="20221212 09:19:38.289" endtime="20221212 09:19:41.293"/>
</kw>
<kw name="Click Button" library="SeleniumLibrary">
<arg>${COOKIE}</arg>
<doc>Clicks the button identified by ``locator``.</doc>
<msg timestamp="20221212 09:19:41.297" level="INFO">Clicking button 'xpath=//*[@id="onetrust-accept-btn-handler"]'.</msg>
<msg timestamp="20221212 09:19:42.547" level="WARN">Keyword 'Capture Page Screenshot' could not be run on failure: Message: no such window: target window already closed
from unknown error: web view not found
  (Session info: chrome=106.0.5249.119)
Stacktrace:
Backtrace:
	Ordinal0 [0x00C11ED3+2236115]
	Ordinal0 [0x00BA92F1+1807089]
	Ordinal0 [0x00AB66FD+812797]
	Ordinal0 [0x00A9DFFA+712698]
	Ordinal0 [0x00B0506B+1134699]
	Ordinal0 [0x00B1514A+1200458]
	Ordinal0 [0x00B018A6+1120422]
	Ordinal0 [0x00ADA73D+960317]
	Ordinal0 [0x00ADB71F+964383]
	GetHandleVerifier [0x00EBE7E2+2743074]
	GetHandleVerifier [0x00EB08D4+2685972]
	GetHandleVerifier [0x00CA2BAA+532202]
	GetHandleVerifier [0x00CA1990+527568]
	Ordinal0 [0x00BB080C+1837068]
	Ordinal0 [0x00BB4CD8+1854680]
	Ordinal0 [0x00BB4DC5+1854917]
	Ordinal0 [0x00BBED64+1895780]
	BaseThreadInitThunk [0x7756FEF9+25]
	RtlGetAppContainerNamedObjectPath [0x777E7BBE+286]
	RtlGetAppContainerNamedObjectPath [0x777E7B8E+238]
</msg>
<msg timestamp="20221212 09:19:42.552" level="FAIL">NoSuchWindowException: Message: no such window: target window already closed
from unknown error: web view not found
  (Session info: chrome=106.0.5249.119)
Stacktrace:
Backtrace:
	Ordinal0 [0x00C11ED3+2236115]
	Ordinal0 [0x00BA92F1+1807089]
	Ordinal0 [0x00AB66FD+812797]
	Ordinal0 [0x00A9DFFA+712698]
	Ordinal0 [0x00B0506B+1134699]
	Ordinal0 [0x00B1514A+1200458]
	Ordinal0 [0x00B018A6+1120422]
	Ordinal0 [0x00ADA73D+960317]
	Ordinal0 [0x00ADB71F+964383]
	GetHandleVerifier [0x00EBE7E2+2743074]
	GetHandleVerifier [0x00EB08D4+2685972]
	GetHandleVerifier [0x00CA2BAA+532202]
	GetHandleVerifier [0x00CA1990+527568]
	Ordinal0 [0x00BB080C+1837068]
	Ordinal0 [0x00BB4CD8+1854680]
	Ordinal0 [0x00BB4DC5+1854917]
	Ordinal0 [0x00BBED64+1895780]
	BaseThreadInitThunk [0x7756FEF9+25]
	RtlGetAppContainerNamedObjectPath [0x777E7BBE+286]
	RtlGetAppContainerNamedObjectPath [0x777E7B8E+238]
</msg>
<status status="FAIL" starttime="20221212 09:19:41.293" endtime="20221212 09:19:42.621"/>
</kw>
<status status="FAIL" starttime="20221212 09:19:38.263" endtime="20221212 09:19:42.623"/>
</kw>
<status status="FAIL" starttime="20221212 09:19:33.997" endtime="20221212 09:19:42.624"/>
</kw>
<kw name="Search" library="PostiTest1App">
<status status="NOT RUN" starttime="20221212 09:19:42.624" endtime="20221212 09:19:42.625"/>
</kw>
<kw name="Select Services" library="MapNav">
<status status="NOT RUN" starttime="20221212 09:19:42.625" endtime="20221212 09:19:42.625"/>
</kw>
<kw name="Select Only Postal Outlets" library="MapNav">
<status status="NOT RUN" starttime="20221212 09:19:42.625" endtime="20221212 09:19:42.625"/>
</kw>
<kw name="Zoom in and Out" library="MapNav">
<status status="NOT RUN" starttime="20221212 09:19:42.625" endtime="20221212 09:19:42.626"/>
</kw>
<kw name="End Web Test" library="CommonWebPosti" type="TEARDOWN">
<kw name="Close All Browsers" library="SeleniumLibrary">
<doc>Closes all open browsers and resets the browser cache.</doc>
<status status="PASS" starttime="20221212 09:19:42.627" endtime="20221212 09:19:47.551"/>
</kw>
<status status="PASS" starttime="20221212 09:19:42.626" endtime="20221212 09:19:47.551"/>
</kw>
<doc>Test 1</doc>
<tag>Test1</tag>
<status status="FAIL" starttime="20221212 09:19:24.145" endtime="20221212 09:19:47.552">NoSuchWindowException: Message: no such window: target window already closed
from unknown error: web view not found
  (Session info: chrome=106.0.5249.119)
Stacktrace:
Backtrace:
	Ordinal0 [0x00C11ED3+2236115]
	Ordinal0 [0x00BA92F1+1807089]
	Ordinal0 [0x00AB66FD+812797]
	Ordinal0 [0x00A9DFFA+712698]
	Ordinal0 [0x00B0506B+1134699]
	Ordinal0 [0x00B1514A+1200458]
	Ordinal0 [0x00B018A6+1120422]
	Ordinal0 [0x00ADA73D+960317]
	Ordinal0 [0x00ADB71F+964383]
	GetHandleVerifier [0x00EBE7E2+2743074]
	GetHandleVerifier [0x00EB08D4+2685972]
	GetHandleVerifier [0x00CA2BAA+532202]
	GetHandleVerifier [0x00CA1990+527568]
	Ordinal0 [0x00BB080C+1837068]
	Ordinal0 [0x00BB4CD8+1854680]
	Ordinal0 [0x00BB4DC5+1854917]
	Ordinal0 [0x00BBED64+1895780]
	BaseThreadInitThunk [0x7756FEF9+25]
	RtlGetAppContainerNamedObjectPath [0x777E7BBE+286]
	RtlGetAppContainerNamedObjectPath [0x777E7B8E+238]
</status>
</test>
<doc>Posti RobotFramework Test</doc>
<status status="FAIL" starttime="20221212 09:19:19.858" endtime="20221212 09:19:47.555"/>
</suite>
<statistics>
<total>
<stat pass="0" fail="1" skip="0">All Tests</stat>
</total>
<tag>
<stat pass="0" fail="1" skip="0">Test1</stat>
</tag>
<suite>
<stat pass="0" fail="1" skip="0" id="s1" name="PostiTest1">PostiTest1</stat>
</suite>
</statistics>
<errors>
<msg timestamp="20221212 09:19:42.547" level="WARN">Keyword 'Capture Page Screenshot' could not be run on failure: Message: no such window: target window already closed
from unknown error: web view not found
  (Session info: chrome=106.0.5249.119)
Stacktrace:
Backtrace:
	Ordinal0 [0x00C11ED3+2236115]
	Ordinal0 [0x00BA92F1+1807089]
	Ordinal0 [0x00AB66FD+812797]
	Ordinal0 [0x00A9DFFA+712698]
	Ordinal0 [0x00B0506B+1134699]
	Ordinal0 [0x00B1514A+1200458]
	Ordinal0 [0x00B018A6+1120422]
	Ordinal0 [0x00ADA73D+960317]
	Ordinal0 [0x00ADB71F+964383]
	GetHandleVerifier [0x00EBE7E2+2743074]
	GetHandleVerifier [0x00EB08D4+2685972]
	GetHandleVerifier [0x00CA2BAA+532202]
	GetHandleVerifier [0x00CA1990+527568]
	Ordinal0 [0x00BB080C+1837068]
	Ordinal0 [0x00BB4CD8+1854680]
	Ordinal0 [0x00BB4DC5+1854917]
	Ordinal0 [0x00BBED64+1895780]
	BaseThreadInitThunk [0x7756FEF9+25]
	RtlGetAppContainerNamedObjectPath [0x777E7BBE+286]
	RtlGetAppContainerNamedObjectPath [0x777E7B8E+238]
</msg>
</errors>
</robot>
